2022-08-03 18:53:00.978  INFO 10268 --- [restartedMain] c.t.pma.ProjectManagementApplication     : Starting ProjectManagementApplication on LAPTOP-PD8NNGLA with PID 10268 (C:\Users\Thomas\Documents\github\pma-spring\target\classes started by Thomas in C:\Users\Thomas\Documents\github\pma-spring)
2022-08-03 18:53:01.037 DEBUG 10268 --- [restartedMain] c.t.pma.ProjectManagementApplication     : Running with Spring Boot v2.1.4.RELEASE, Spring v5.1.6.RELEASE
2022-08-03 18:53:01.038  INFO 10268 --- [restartedMain] c.t.pma.ProjectManagementApplication     : The following profiles are active: dev
2022-08-03 18:53:01.184  INFO 10268 --- [restartedMain] .e.DevToolsPropertyDefaultsPostProcessor : Devtools property defaults active! Set 'spring.devtools.add-properties' to 'false' to disable
2022-08-03 18:53:01.224  INFO 10268 --- [restartedMain] .e.DevToolsPropertyDefaultsPostProcessor : For additional web related logging consider setting the 'logging.level.web' property to 'DEBUG'
2022-08-03 18:53:05.306  INFO 10268 --- [restartedMain] .s.d.r.c.RepositoryConfigurationDelegate : Multiple Spring Data modules found, entering strict repository configuration mode!
2022-08-03 18:53:05.357  INFO 10268 --- [restartedMain] .s.d.r.c.RepositoryConfigurationDelegate : Bootstrapping Spring Data repositories in DEFAULT mode.
2022-08-03 18:53:05.576  INFO 10268 --- [restartedMain] .s.d.r.c.RepositoryConfigurationDelegate : Finished Spring Data repository scanning in 189ms. Found 3 repository interfaces.
2022-08-03 18:53:05.597  INFO 10268 --- [restartedMain] .s.d.r.c.RepositoryConfigurationDelegate : Multiple Spring Data modules found, entering strict repository configuration mode!
2022-08-03 18:53:05.600  INFO 10268 --- [restartedMain] .s.d.r.c.RepositoryConfigurationDelegate : Bootstrapping Spring Data repositories in DEFAULT mode.
2022-08-03 18:53:05.666  INFO 10268 --- [restartedMain] .s.d.r.c.RepositoryConfigurationDelegate : Finished Spring Data repository scanning in 59ms. Found 3 repository interfaces.
2022-08-03 18:53:07.107  INFO 10268 --- [restartedMain] trationDelegate$BeanPostProcessorChecker : Bean 'org.springframework.transaction.annotation.ProxyTransactionManagementConfiguration' of type [org.springframework.transaction.annotation.ProxyTransactionManagementConfiguration$$EnhancerBySpringCGLIB$$ba46b32f] is not eligible for getting processed by all BeanPostProcessors (for example: not eligible for auto-proxying)
2022-08-03 18:53:08.742  INFO 10268 --- [restartedMain] o.s.b.w.embedded.tomcat.TomcatWebServer  : Tomcat initialized with port(s): 8080 (http)
2022-08-03 18:53:09.223  INFO 10268 --- [restartedMain] o.s.web.context.ContextLoader            : Root WebApplicationContext: initialization completed in 7998 ms
2022-08-03 18:53:13.254  INFO 10268 --- [restartedMain] j.LocalContainerEntityManagerFactoryBean : Initialized JPA EntityManagerFactory for persistence unit 'default'
2022-08-03 18:53:14.537  INFO 10268 --- [restartedMain] o.s.s.web.DefaultSecurityFilterChain     : Creating filter chain: any request, [org.springframework.security.web.context.request.async.WebAsyncManagerIntegrationFilter@6ebe37c5, org.springframework.security.web.context.SecurityContextPersistenceFilter@109df683, org.springframework.security.web.header.HeaderWriterFilter@4d55949e, org.springframework.security.web.authentication.logout.LogoutFilter@2439ca3f, org.springframework.security.web.authentication.UsernamePasswordAuthenticationFilter@7417b44f, org.springframework.security.web.authentication.ui.DefaultLoginPageGeneratingFilter@3ca5de6b, org.springframework.security.web.authentication.ui.DefaultLogoutPageGeneratingFilter@23df59f8, org.springframework.security.web.savedrequest.RequestCacheAwareFilter@7c088f67, org.springframework.security.web.servletapi.SecurityContextHolderAwareRequestFilter@2bd33751, org.springframework.security.web.authentication.AnonymousAuthenticationFilter@145d15df, org.springframework.security.web.session.SessionManagementFilter@55ddc45f, org.springframework.security.web.access.ExceptionTranslationFilter@6d698c26, org.springframework.security.web.access.intercept.FilterSecurityInterceptor@43591434]
2022-08-03 18:53:14.957  INFO 10268 --- [restartedMain] o.s.s.concurrent.ThreadPoolTaskExecutor  : Initializing ExecutorService 'applicationTaskExecutor'
2022-08-03 18:53:15.069  WARN 10268 --- [restartedMain] aWebConfiguration$JpaWebMvcConfiguration : spring.jpa.open-in-view is enabled by default. Therefore, database queries may be performed during view rendering. Explicitly configure spring.jpa.open-in-view to disable this warning
2022-08-03 18:53:16.265  INFO 10268 --- [restartedMain] o.s.b.d.a.OptionalLiveReloadServer       : LiveReload server is running on port 35729
2022-08-03 18:53:16.370  INFO 10268 --- [restartedMain] o.s.b.w.embedded.tomcat.TomcatWebServer  : Tomcat started on port(s): 8080 (http) with context path ''
2022-08-03 18:53:16.384  INFO 10268 --- [restartedMain] c.t.pma.ProjectManagementApplication     : Started ProjectManagementApplication in 17.228 seconds (JVM running for 20.526)
2022-08-03 19:05:03.226  INFO 10268 --- [http-nio-8080-exec-10] o.s.web.servlet.DispatcherServlet        : Initializing Servlet 'dispatcherServlet'
2022-08-03 19:05:03.247  INFO 10268 --- [http-nio-8080-exec-10] o.s.web.servlet.DispatcherServlet        : Completed initialization in 20 ms
2022-08-03 19:05:03.315 DEBUG 10268 --- [http-nio-8080-exec-10] c.t.pma.logging.ApplicationLoggerAspect  :  
 
 
 
2022-08-03 19:05:03.317 DEBUG 10268 --- [http-nio-8080-exec-10] c.t.pma.logging.ApplicationLoggerAspect  : ********** Before Method Execution ********** 
com.thomas.pma.controllers.EmployeeController. displayEmployees () with arguments[s] = [{}]
2022-08-03 19:05:03.318 DEBUG 10268 --- [http-nio-8080-exec-10] c.t.pma.logging.ApplicationLoggerAspect  : _____________________________________________
 
 

2022-08-03 19:05:03.690 DEBUG 10268 --- [http-nio-8080-exec-10] c.t.pma.logging.ApplicationLoggerAspect  :  
 
 
 
2022-08-03 19:05:03.690 DEBUG 10268 --- [http-nio-8080-exec-10] c.t.pma.logging.ApplicationLoggerAspect  : ********** Before Method Execution ********** 
com.thomas.pma.controllers.EmployeeController. displayEmployees () with arguments[s] = [{employeesList=[com.thomas.pma.entities.Employee@2f8ff60d, com.thomas.pma.entities.Employee@2c985786, com.thomas.pma.entities.Employee@6d451be7, com.thomas.pma.entities.Employee@118b8b49, com.thomas.pma.entities.Employee@5ab9a9b5, com.thomas.pma.entities.Employee@34f3f103, com.thomas.pma.entities.Employee@71ac5e59, com.thomas.pma.entities.Employee@3c3042e6, com.thomas.pma.entities.Employee@2bd3b0d4, com.thomas.pma.entities.Employee@832744, com.thomas.pma.entities.Employee@13ceef9b]}]
2022-08-03 19:05:03.691 DEBUG 10268 --- [http-nio-8080-exec-10] c.t.pma.logging.ApplicationLoggerAspect  : _____________________________________________
 
 

2022-08-03 19:05:12.535 DEBUG 10268 --- [http-nio-8080-exec-8] c.t.pma.logging.ApplicationLoggerAspect  :  
 
 
 
2022-08-03 19:05:12.535 DEBUG 10268 --- [http-nio-8080-exec-8] c.t.pma.logging.ApplicationLoggerAspect  : ********** Before Method Execution ********** 
com.thomas.pma.controllers.EmployeeController. displayEmployees () with arguments[s] = [{}]
2022-08-03 19:05:12.536 DEBUG 10268 --- [http-nio-8080-exec-8] c.t.pma.logging.ApplicationLoggerAspect  : _____________________________________________
 
 

2022-08-03 19:05:12.547 DEBUG 10268 --- [http-nio-8080-exec-8] c.t.pma.logging.ApplicationLoggerAspect  :  
 
 
 
2022-08-03 19:05:12.548 DEBUG 10268 --- [http-nio-8080-exec-8] c.t.pma.logging.ApplicationLoggerAspect  : ********** Before Method Execution ********** 
com.thomas.pma.controllers.EmployeeController. displayEmployees () with arguments[s] = [{employeesList=[com.thomas.pma.entities.Employee@51542f65, com.thomas.pma.entities.Employee@39555cb4, com.thomas.pma.entities.Employee@60cfdd15, com.thomas.pma.entities.Employee@22d89a4d, com.thomas.pma.entities.Employee@3ce1cc76, com.thomas.pma.entities.Employee@5a20fc16, com.thomas.pma.entities.Employee@35358df8, com.thomas.pma.entities.Employee@53d963e1, com.thomas.pma.entities.Employee@61699790, com.thomas.pma.entities.Employee@3cf417e7, com.thomas.pma.entities.Employee@25b707cc]}]
2022-08-03 19:05:12.548 DEBUG 10268 --- [http-nio-8080-exec-8] c.t.pma.logging.ApplicationLoggerAspect  : _____________________________________________
 
 

2022-08-03 19:05:25.549  INFO 15340 --- [restartedMain] c.t.pma.ProjectManagementApplication     : Starting ProjectManagementApplication on LAPTOP-PD8NNGLA with PID 15340 (C:\Users\Thomas\Documents\github\pma-spring\target\classes started by Thomas in C:\Users\Thomas\Documents\github\pma-spring)
2022-08-03 19:05:25.558 DEBUG 15340 --- [restartedMain] c.t.pma.ProjectManagementApplication     : Running with Spring Boot v2.1.4.RELEASE, Spring v5.1.6.RELEASE
2022-08-03 19:05:25.558  INFO 15340 --- [restartedMain] c.t.pma.ProjectManagementApplication     : The following profiles are active: dev
2022-08-03 19:05:25.836  INFO 15340 --- [restartedMain] .e.DevToolsPropertyDefaultsPostProcessor : Devtools property defaults active! Set 'spring.devtools.add-properties' to 'false' to disable
2022-08-03 19:05:25.837  INFO 15340 --- [restartedMain] .e.DevToolsPropertyDefaultsPostProcessor : For additional web related logging consider setting the 'logging.level.web' property to 'DEBUG'
2022-08-03 19:05:28.631  INFO 15340 --- [restartedMain] .s.d.r.c.RepositoryConfigurationDelegate : Multiple Spring Data modules found, entering strict repository configuration mode!
2022-08-03 19:05:28.634  INFO 15340 --- [restartedMain] .s.d.r.c.RepositoryConfigurationDelegate : Bootstrapping Spring Data repositories in DEFAULT mode.
2022-08-03 19:05:28.800  INFO 15340 --- [restartedMain] .s.d.r.c.RepositoryConfigurationDelegate : Finished Spring Data repository scanning in 153ms. Found 3 repository interfaces.
2022-08-03 19:05:28.821  INFO 15340 --- [restartedMain] .s.d.r.c.RepositoryConfigurationDelegate : Multiple Spring Data modules found, entering strict repository configuration mode!
2022-08-03 19:05:28.822  INFO 15340 --- [restartedMain] .s.d.r.c.RepositoryConfigurationDelegate : Bootstrapping Spring Data repositories in DEFAULT mode.
2022-08-03 19:05:29.119  INFO 15340 --- [restartedMain] .s.d.r.c.RepositoryConfigurationDelegate : Finished Spring Data repository scanning in 288ms. Found 3 repository interfaces.
2022-08-03 19:05:30.800  INFO 15340 --- [restartedMain] trationDelegate$BeanPostProcessorChecker : Bean 'org.springframework.transaction.annotation.ProxyTransactionManagementConfiguration' of type [org.springframework.transaction.annotation.ProxyTransactionManagementConfiguration$$EnhancerBySpringCGLIB$$42d20295] is not eligible for getting processed by all BeanPostProcessors (for example: not eligible for auto-proxying)
2022-08-03 19:05:32.274  INFO 15340 --- [restartedMain] o.s.b.w.embedded.tomcat.TomcatWebServer  : Tomcat initialized with port(s): 8080 (http)
2022-08-03 19:05:33.302  INFO 15340 --- [restartedMain] o.s.web.context.ContextLoader            : Root WebApplicationContext: initialization completed in 7464 ms
2022-08-03 19:05:38.359  INFO 15340 --- [restartedMain] j.LocalContainerEntityManagerFactoryBean : Initialized JPA EntityManagerFactory for persistence unit 'default'
2022-08-03 19:05:40.241  INFO 15340 --- [restartedMain] o.s.s.web.DefaultSecurityFilterChain     : Creating filter chain: any request, [org.springframework.security.web.context.request.async.WebAsyncManagerIntegrationFilter@2f475342, org.springframework.security.web.context.SecurityContextPersistenceFilter@77a6bc89, org.springframework.security.web.header.HeaderWriterFilter@db4e437, org.springframework.security.web.authentication.logout.LogoutFilter@3b9ddeb6, org.springframework.security.web.authentication.UsernamePasswordAuthenticationFilter@5291c87a, org.springframework.security.web.authentication.ui.DefaultLoginPageGeneratingFilter@d53fab6, org.springframework.security.web.authentication.ui.DefaultLogoutPageGeneratingFilter@785692b3, org.springframework.security.web.savedrequest.RequestCacheAwareFilter@4b85c3a0, org.springframework.security.web.servletapi.SecurityContextHolderAwareRequestFilter@116f4d64, org.springframework.security.web.authentication.AnonymousAuthenticationFilter@5b8804bf, org.springframework.security.web.session.SessionManagementFilter@741080ca, org.springframework.security.web.access.ExceptionTranslationFilter@7a09edb5, org.springframework.security.web.access.intercept.FilterSecurityInterceptor@2cdb2021]
2022-08-03 19:05:40.835  INFO 15340 --- [restartedMain] o.s.s.concurrent.ThreadPoolTaskExecutor  : Initializing ExecutorService 'applicationTaskExecutor'
2022-08-03 19:05:40.932  WARN 15340 --- [restartedMain] aWebConfiguration$JpaWebMvcConfiguration : spring.jpa.open-in-view is enabled by default. Therefore, database queries may be performed during view rendering. Explicitly configure spring.jpa.open-in-view to disable this warning
2022-08-03 19:05:41.550  INFO 15340 --- [restartedMain] o.s.b.d.a.OptionalLiveReloadServer       : LiveReload server is running on port 35729
2022-08-03 19:05:41.693  INFO 15340 --- [restartedMain] o.s.b.w.embedded.tomcat.TomcatWebServer  : Tomcat started on port(s): 8080 (http) with context path ''
2022-08-03 19:05:41.699  INFO 15340 --- [restartedMain] c.t.pma.ProjectManagementApplication     : Started ProjectManagementApplication in 17.516 seconds (JVM running for 19.863)
2022-08-03 19:07:28.882  INFO 15340 --- [http-nio-8080-exec-3] o.s.web.servlet.DispatcherServlet        : Initializing Servlet 'dispatcherServlet'
2022-08-03 19:07:28.904  INFO 15340 --- [http-nio-8080-exec-3] o.s.web.servlet.DispatcherServlet        : Completed initialization in 20 ms
2022-08-03 19:07:28.998 DEBUG 15340 --- [http-nio-8080-exec-3] c.t.pma.logging.ApplicationLoggerAspect  :  
 
 
 
2022-08-03 19:07:29.002 DEBUG 15340 --- [http-nio-8080-exec-3] c.t.pma.logging.ApplicationLoggerAspect  : ********** Before Method Execution ********** 
com.thomas.pma.controllers.EmployeeController. displayEmployees () with arguments[s] = [{}]
2022-08-03 19:07:29.002 DEBUG 15340 --- [http-nio-8080-exec-3] c.t.pma.logging.ApplicationLoggerAspect  : _____________________________________________
 
 

2022-08-03 19:07:40.822 DEBUG 15340 --- [http-nio-8080-exec-3] c.t.pma.logging.ApplicationLoggerAspect  :  
 
 
 
2022-08-03 19:07:40.822 DEBUG 15340 --- [http-nio-8080-exec-3] c.t.pma.logging.ApplicationLoggerAspect  : ********** Before Method Execution ********** 
com.thomas.pma.controllers.EmployeeController. displayEmployees () with arguments[s] = [{employeesList=[com.thomas.pma.entities.Employee@4326b2ba, com.thomas.pma.entities.Employee@d65564b, com.thomas.pma.entities.Employee@1e85781c, com.thomas.pma.entities.Employee@76db3743, com.thomas.pma.entities.Employee@33657d5e, com.thomas.pma.entities.Employee@1495a277, com.thomas.pma.entities.Employee@21657d61, com.thomas.pma.entities.Employee@eab2721, com.thomas.pma.entities.Employee@163c2427, com.thomas.pma.entities.Employee@2f03ba8d, com.thomas.pma.entities.Employee@25075479]}]
2022-08-03 19:07:40.823 DEBUG 15340 --- [http-nio-8080-exec-3] c.t.pma.logging.ApplicationLoggerAspect  : _____________________________________________
 
 

2022-08-03 19:13:11.791 DEBUG 15340 --- [http-nio-8080-exec-10] c.t.pma.logging.ApplicationLoggerAspect  :  
 
 
 
2022-08-03 19:13:11.791 DEBUG 15340 --- [http-nio-8080-exec-10] c.t.pma.logging.ApplicationLoggerAspect  : ********** Before Method Execution ********** 
com.thomas.pma.controllers.EmployeeController. displayEmployees () with arguments[s] = [{}]
2022-08-03 19:13:11.792 DEBUG 15340 --- [http-nio-8080-exec-10] c.t.pma.logging.ApplicationLoggerAspect  : _____________________________________________
 
 

2022-08-03 19:13:15.527 DEBUG 15340 --- [http-nio-8080-exec-10] c.t.pma.logging.ApplicationLoggerAspect  :  
 
 
 
2022-08-03 19:13:15.528 DEBUG 15340 --- [http-nio-8080-exec-10] c.t.pma.logging.ApplicationLoggerAspect  : ********** Before Method Execution ********** 
com.thomas.pma.controllers.EmployeeController. displayEmployees () with arguments[s] = [{employeesList=[com.thomas.pma.entities.Employee@7ba68545, com.thomas.pma.entities.Employee@56774940, com.thomas.pma.entities.Employee@ad851b5, com.thomas.pma.entities.Employee@772c0116, com.thomas.pma.entities.Employee@38ef2e1b, com.thomas.pma.entities.Employee@543e5d0f, com.thomas.pma.entities.Employee@1ca3ebc4, com.thomas.pma.entities.Employee@b907df7, com.thomas.pma.entities.Employee@4a4e1568, com.thomas.pma.entities.Employee@6cbeef0b, com.thomas.pma.entities.Employee@6f40d493]}]
2022-08-03 19:13:15.529 DEBUG 15340 --- [http-nio-8080-exec-10] c.t.pma.logging.ApplicationLoggerAspect  : _____________________________________________
 
 

